2017-12-04 11:03:09 Estimated:2017-01-01 00:01 trf
2017-12-04 11:03:09 Estimated:2017-01-01 00:59 Mike
2017-12-04 11:03:09 Estimated:2017-01-01 03:00 And
2017-12-04 11:03:09 Estimated:2017-01-01 03:00 GH
2017-12-04 11:03:09 Estimated:2017-03-01 00:01 fhfg
2017-12-04 11:03:09 Estimated:2017-05-05 00:00 Noop
2017-12-04 11:03:09 Estimated:2017-12-01 00:00 Heellooo
2017-12-04 11:05:25 Estimated:2017-01-01 00:01 trf
2017-12-04 11:05:25 Estimated:2017-01-01 00:59 Mike
2017-12-04 11:05:25 Estimated:2017-01-01 03:00 And
2017-12-04 11:05:25 Estimated:2017-01-01 03:00 GH
2017-12-04 11:05:25 Estimated:2017-03-01 00:01 fhfg
2017-12-04 11:05:25 Estimated:2017-05-05 00:00 Noop
2017-12-04 11:05:25 Estimated:2017-12-01 00:00 Heellooo
2017-12-04 11:15:44 Estimated:2017-05-05 00:00 Noop
2017-12-04 11:15:44 Estimated:2017-12-01 00:00 Heellooo
2017-12-04 11:43:27 Estimated:2017-01-01 03:00 And
2017-12-04 11:43:27 Estimated:2017-12-01 00:00 Heellooo
2017-12-04 11:44:07 Estimated:2017-12-04 11:44 New
"GET /tasks/ HTTP/1.1" 200 3763
Not Found: /favicon.ico
"GET /favicon.ico HTTP/1.1" 404 2078
"GET /tasks/ HTTP/1.1" 200 3763
"GET /tasks/ HTTP/1.1" 200 3763
"GET /tasks/create/ HTTP/1.1" 200 1346
